{
  "RSpec": {
    "coverage": {
      "/home/joe/MEGA/web-dev/theodinproject/odin_on_rails/private-events/spec/features/forms_spec.rb": {
        "lines": [
          1,
          null,
          1,
          null,
          1,
          null,
          2,
          null,
          1,
          1,
          1,
          1,
          1,
          1,
          1,
          1,
          1,
          null,
          null,
          null,
          null,
          1,
          null,
          2,
          null,
          1,
          1,
          null,
          1,
          null,
          1,
          1,
          1,
          1,
          null,
          1,
          null,
          1,
          1,
          1,
          1,
          null,
          1,
          1,
          null,
          null,
          null,
          null,
          1,
          null,
          2,
          null,
          1,
          1,
          1,
          1,
          1,
          1,
          null,
          1,
          1,
          null,
          null,
          null,
          null,
          1,
          null,
          1,
          null,
          1,
          1,
          null,
          1,
          1,
          1,
          1,
          null,
          1,
          1,
          1,
          1,
          1,
          null,
          1,
          1,
          1,
          null,
          1,
          1,
          null,
          1,
          null,
          1,
          2,
          null,
          null,
          1,
          1,
          null,
          null,
          null,
          null
        ]
      },
      "/home/joe/MEGA/web-dev/theodinproject/odin_on_rails/private-events/spec/rails_helper.rb": {
        "lines": [
          null,
          1,
          null,
          1,
          1,
          null,
          1,
          1,
          null,
          null,
          null,
          null,
          null,
          null,
          null,
          null,
          null,
          null,
          null,
          null,
          null,
          null,
          null,
          null,
          null,
          null,
          null,
          null,
          1,
          null,
          0,
          0,
          null,
          1,
          null,
          null,
          1,
          null,
          null,
          null,
          null,
          null,
          1,
          null,
          null,
          null,
          null,
          null,
          null,
          null,
          null,
          null,
          null,
          null,
          null,
          null,
          null,
          null,
          null,
          null,
          1,
          null,
          null,
          1,
          null,
          null,
          null,
          1,
          1,
          1,
          1,
          null,
          null,
          null
        ]
      },
      "/home/joe/MEGA/web-dev/theodinproject/odin_on_rails/private-events/config/environment.rb": {
        "lines": [
          null,
          1,
          null,
          null,
          1
        ]
      },
      "/home/joe/MEGA/web-dev/theodinproject/odin_on_rails/private-events/config/application.rb": {
        "lines": [
          1,
          null,
          1,
          null,
          null,
          null,
          1,
          null,
          1,
          1,
          null,
          1,
          null,
          null,
          null,
          null,
          null,
          null,
          null,
          null,
          null,
          null,
          null,
          null
        ]
      },
      "/home/joe/MEGA/web-dev/theodinproject/odin_on_rails/private-events/config/boot.rb": {
        "lines": [
          1,
          null,
          1,
          1
        ]
      },
      "/home/joe/MEGA/web-dev/theodinproject/odin_on_rails/private-events/config/environments/test.rb": {
        "lines": [
          1,
          null,
          null,
          null,
          null,
          null,
          null,
          1,
          null,
          null,
          null,
          1,
          1,
          null,
          null,
          null,
          null,
          1,
          null,
          null,
          1,
          1,
          null,
          null,
          null,
          null,
          1,
          1,
          1,
          null,
          null,
          1,
          null,
          null,
          1,
          null,
          null,
          1,
          null,
          1,
          null,
          null,
          null,
          null,
          1,
          null,
          null,
          1,
          null,
          null,
          1,
          null,
          null,
          1,
          null,
          null,
          null,
          null,
          null,
          null,
          null
        ]
      },
      "/home/joe/MEGA/web-dev/theodinproject/odin_on_rails/private-events/config/initializers/application_controller_renderer.rb": {
        "lines": [
          null,
          null,
          null,
          null,
          null,
          null,
          null,
          null
        ]
      },
      "/home/joe/MEGA/web-dev/theodinproject/odin_on_rails/private-events/config/initializers/assets.rb": {
        "lines": [
          null,
          null,
          null,
          1,
          null,
          null,
          null,
          null,
          1,
          null,
          null,
          null,
          null,
          null
        ]
      },
      "/home/joe/MEGA/web-dev/theodinproject/odin_on_rails/private-events/config/initializers/backtrace_silencers.rb": {
        "lines": [
          null,
          null,
          null,
          null,
          null,
          null,
          null,
          1
        ]
      },
      "/home/joe/MEGA/web-dev/theodinproject/odin_on_rails/private-events/config/initializers/content_security_policy.rb": {
        "lines": [
          null,
          null,
          null,
          null,
          null,
          null,
          null,
          null,
          null,
          null,
          null,
          null,
          null,
          null,
          null,
          null,
          null,
          null,
          null,
          null,
          null,
          null,
          null,
          null,
          null,
          null,
          null,
          null,
          null,
          null
        ]
      },
      "/home/joe/MEGA/web-dev/theodinproject/odin_on_rails/private-events/config/initializers/cookies_serializer.rb": {
        "lines": [
          null,
          null,
          null,
          null,
          1
        ]
      },
      "/home/joe/MEGA/web-dev/theodinproject/odin_on_rails/private-events/config/initializers/filter_parameter_logging.rb": {
        "lines": [
          null,
          null,
          null,
          1,
          null,
          null
        ]
      },
      "/home/joe/MEGA/web-dev/theodinproject/odin_on_rails/private-events/config/initializers/inflections.rb": {
        "lines": [
          null,
          null,
          null,
          null,
          null,
          null,
          null,
          null,
          null,
          null,
          null,
          null,
          null,
          null,
          null,
          null
        ]
      },
      "/home/joe/MEGA/web-dev/theodinproject/odin_on_rails/private-events/config/initializers/mime_types.rb": {
        "lines": [
          null,
          null,
          null,
          null
        ]
      },
      "/home/joe/MEGA/web-dev/theodinproject/odin_on_rails/private-events/config/initializers/permissions_policy.rb": {
        "lines": [
          null,
          null,
          null,
          null,
          null,
          null,
          null,
          null,
          null,
          null,
          null
        ]
      },
      "/home/joe/MEGA/web-dev/theodinproject/odin_on_rails/private-events/config/initializers/wrap_parameters.rb": {
        "lines": [
          null,
          null,
          null,
          null,
          null,
          null,
          1,
          2,
          null,
          null,
          null,
          null,
          null,
          null
        ]
      },
      "/home/joe/MEGA/web-dev/theodinproject/odin_on_rails/private-events/spec/factories/events.rb": {
        "lines": [
          1,
          1,
          1,
          31,
          32,
          32,
          33,
          null,
          null,
          null
        ]
      },
      "/home/joe/MEGA/web-dev/theodinproject/odin_on_rails/private-events/spec/factories/factories.rb": {
        "lines": [

        ]
      },
      "/home/joe/MEGA/web-dev/theodinproject/odin_on_rails/private-events/spec/factories/invitations.rb": {
        "lines": [
          1,
          1,
          1,
          1,
          1,
          null,
          null
        ]
      },
      "/home/joe/MEGA/web-dev/theodinproject/odin_on_rails/private-events/spec/factories/users.rb": {
        "lines": [
          1,
          1,
          86,
          86,
          86,
          null,
          null
        ]
      },
      "/home/joe/MEGA/web-dev/theodinproject/odin_on_rails/private-events/config/routes.rb": {
        "lines": [
          1,
          1,
          1,
          null,
          1,
          1,
          1,
          1,
          1,
          1,
          null,
          1,
          null,
          null
        ]
      },
      "/home/joe/MEGA/web-dev/theodinproject/odin_on_rails/private-events/app/helpers/application_helper.rb": {
        "lines": [
          1,
          null
        ]
      },
      "/home/joe/MEGA/web-dev/theodinproject/odin_on_rails/private-events/app/helpers/events_helper.rb": {
        "lines": [
          1,
          1,
          1,
          3,
          null,
          null,
          1,
          3,
          null,
          null,
          1,
          40,
          null,
          null,
          1,
          0,
          null,
          null
        ]
      },
      "/home/joe/MEGA/web-dev/theodinproject/odin_on_rails/private-events/app/helpers/invitations_helper.rb": {
        "lines": [
          1,
          null
        ]
      },
      "/home/joe/MEGA/web-dev/theodinproject/odin_on_rails/private-events/app/helpers/sessions_helper.rb": {
        "lines": [
          1,
          null
        ]
      },
      "/home/joe/MEGA/web-dev/theodinproject/odin_on_rails/private-events/app/helpers/users_helper.rb": {
        "lines": [
          1,
          1,
          1,
          2,
          null,
          null,
          1,
          2,
          null,
          null,
          1,
          2,
          null,
          null
        ]
      },
      "/home/joe/MEGA/web-dev/theodinproject/odin_on_rails/private-events/spec/models/event_spec.rb": {
        "lines": [
          1,
          null,
          1,
          null,
          1,
          null,
          2,
          null,
          1,
          1,
          null,
          null,
          1,
          1,
          1,
          null,
          null,
          1,
          1,
          1,
          null,
          null,
          1,
          1,
          1,
          null,
          null,
          1,
          1,
          1,
          null,
          null,
          1,
          1,
          1,
          null,
          null,
          1,
          1,
          1,
          null,
          null,
          1,
          1,
          1,
          null,
          null,
          1,
          1,
          1,
          null,
          null,
          1,
          1,
          1,
          null,
          null,
          1,
          1,
          1,
          null,
          null,
          1,
          1,
          1,
          null,
          null,
          1,
          1,
          1,
          null,
          null,
          1,
          1,
          1,
          1,
          null,
          null,
          null,
          1,
          null,
          4,
          null,
          2,
          2,
          2,
          null,
          null
        ]
      },
      "/home/joe/MEGA/web-dev/theodinproject/odin_on_rails/private-events/app/models/event.rb": {
        "lines": [
          1,
          1,
          null,
          1,
          null,
          1,
          null,
          null,
          6,
          15,
          null,
          1,
          1,
          1,
          1,
          1,
          null,
          1,
          1,
          34,
          null,
          33,
          2,
          null,
          null,
          null
        ]
      },
      "/home/joe/MEGA/web-dev/theodinproject/odin_on_rails/private-events/app/models/application_record.rb": {
        "lines": [
          1,
          1,
          null
        ]
      },
      "/home/joe/MEGA/web-dev/theodinproject/odin_on_rails/private-events/spec/models/invitation_spec.rb": {
        "lines": [
          1,
          null,
          1,
          null,
          1,
          3,
          null,
          1,
          1,
          null,
          null,
          1,
          1,
          1,
          null,
          null,
          1,
          1,
          1,
          null,
          null,
          1,
          1,
          1,
          null,
          null,
          1,
          1,
          1,
          null,
          null,
          null,
          null,
          1,
          4,
          null,
          2,
          2,
          2,
          null,
          null
        ]
      },
      "/home/joe/MEGA/web-dev/theodinproject/odin_on_rails/private-events/app/models/invitation.rb": {
        "lines": [
          1,
          1,
          1,
          1,
          null,
          null,
          1,
          null,
          3,
          3,
          3,
          null
        ]
      },
      "/home/joe/MEGA/web-dev/theodinproject/odin_on_rails/private-events/spec/models/user_spec.rb": {
        "lines": [
          1,
          null,
          1,
          null,
          1,
          null,
          4,
          null,
          1,
          1,
          null,
          null,
          1,
          1,
          null,
          null,
          1,
          1,
          1,
          null,
          null,
          1,
          1,
          1,
          null,
          null,
          1,
          1,
          null,
          null,
          1,
          1,
          1,
          null,
          null,
          1,
          1,
          1,
          null,
          null,
          1,
          1,
          1,
          null,
          null,
          1,
          1,
          1,
          null,
          null,
          1,
          1,
          1,
          null,
          null,
          1,
          1,
          1,
          4,
          null,
          null,
          null,
          null,
          null,
          null,
          1,
          null,
          5,
          null,
          2,
          2,
          2,
          2,
          null
        ]
      },
      "/home/joe/MEGA/web-dev/theodinproject/odin_on_rails/private-events/app/models/user.rb": {
        "lines": [
          1,
          1,
          null,
          null,
          1,
          null,
          null,
          1,
          null,
          null,
          1,
          null,
          null,
          null,
          null,
          1,
          1,
          1,
          1,
          null,
          null,
          1,
          null,
          62,
          null,
          1,
          61,
          61,
          null,
          null,
          null
        ]
      },
      "/home/joe/MEGA/web-dev/theodinproject/odin_on_rails/private-events/spec/requests/events_spec.rb": {
        "lines": [
          1,
          null,
          1,
          null,
          2,
          8,
          null,
          null,
          1,
          7,
          null,
          null,
          1,
          1,
          1,
          1,
          null,
          null,
          1,
          1,
          1,
          1,
          null,
          null,
          null,
          1,
          1,
          1,
          1,
          1,
          1,
          null,
          null,
          1,
          1,
          1,
          1,
          null,
          null,
          1,
          1,
          1,
          1,
          1,
          1,
          1,
          null,
          null,
          null,
          1,
          1,
          1,
          1,
          null,
          null,
          null,
          1,
          1,
          1,
          1,
          null,
          null,
          null
        ]
      },
      "/home/joe/MEGA/web-dev/theodinproject/odin_on_rails/private-events/spec/requests/invitations_spec.rb": {
        "lines": [
          1,
          null,
          1,
          null,
          3,
          null,
          1,
          1,
          1,
          1,
          1,
          null,
          null,
          null,
          1,
          1,
          1,
          1,
          null,
          null,
          1,
          1,
          1,
          1,
          1,
          1,
          null,
          1,
          1,
          null,
          1,
          null,
          null,
          1,
          null,
          null,
          null,
          1,
          1,
          1,
          1,
          null,
          null,
          1,
          null,
          1,
          null,
          1,
          1,
          1,
          1,
          1,
          null,
          1,
          null,
          null,
          null,
          1,
          1,
          1,
          1,
          null,
          null,
          null,
          null
        ]
      },
      "/home/joe/MEGA/web-dev/theodinproject/odin_on_rails/private-events/spec/requests/sessions_spec.rb": {
        "lines": [
          1,
          null,
          null,
          null,
          null,
          null,
          null,
          1,
          1,
          1,
          1,
          1,
          null,
          null,
          null,
          1,
          1,
          1,
          1,
          1,
          null,
          null,
          1,
          1,
          1,
          1,
          1,
          1,
          null,
          null,
          1,
          1,
          1,
          1,
          1,
          null,
          null,
          1,
          1,
          1,
          1,
          1,
          null,
          null,
          1,
          1,
          1,
          1,
          null,
          null,
          null,
          null,
          1,
          1,
          1,
          1,
          1,
          1,
          1,
          null,
          null,
          null,
          1,
          1,
          1,
          1,
          1,
          1,
          null,
          null,
          1,
          1,
          1,
          1,
          1,
          null,
          null,
          1,
          1,
          1,
          1,
          1,
          1,
          1,
          1,
          null,
          null,
          null
        ]
      },
      "/home/joe/MEGA/web-dev/theodinproject/odin_on_rails/private-events/spec/requests/users_spec.rb": {
        "lines": [
          1,
          null,
          1,
          null,
          2,
          null,
          1,
          1,
          1,
          1,
          null,
          null,
          null,
          1,
          1,
          null,
          1,
          null,
          1,
          1,
          null,
          null,
          null,
          1,
          1,
          1,
          1,
          null,
          null,
          null
        ]
      },
      "/home/joe/MEGA/web-dev/theodinproject/odin_on_rails/private-events/app/controllers/users_controller.rb": {
        "lines": [
          1,
          1,
          null,
          1,
          2,
          0,
          null,
          2,
          null,
          null,
          null,
          1,
          2,
          2,
          2,
          2,
          2,
          null,
          0,
          null,
          null,
          null,
          1,
          2,
          null,
          null,
          1,
          1,
          2,
          null,
          null
        ]
      },
      "/home/joe/MEGA/web-dev/theodinproject/odin_on_rails/private-events/app/controllers/application_controller.rb": {
        "lines": [
          1,
          null,
          1,
          1,
          210,
          null,
          null,
          1,
          19,
          6,
          6,
          null,
          null,
          null,
          1,
          3,
          0,
          null,
          null,
          null,
          1,
          20,
          0,
          null,
          20,
          null,
          null,
          null,
          null,
          1,
          null
        ]
      },
      "/home/joe/MEGA/web-dev/theodinproject/odin_on_rails/private-events/app/controllers/events_controller.rb": {
        "lines": [
          1,
          1,
          null,
          1,
          4,
          null,
          null,
          1,
          null,
          3,
          3,
          3,
          3,
          2,
          2,
          null,
          1,
          1,
          null,
          null,
          null,
          1,
          3,
          3,
          3,
          3,
          null,
          null,
          null,
          1,
          5,
          5,
          5,
          null,
          null,
          1,
          1,
          3,
          null,
          null
        ]
      },
      "/home/joe/MEGA/web-dev/theodinproject/odin_on_rails/private-events/app/controllers/sessions_controller.rb": {
        "lines": [
          1,
          null,
          1,
          null,
          6,
          1,
          null,
          null,
          null,
          1,
          22,
          22,
          18,
          18,
          18,
          null,
          4,
          4,
          null,
          null,
          null,
          1,
          6,
          6,
          null,
          null,
          6,
          null,
          null,
          null
        ]
      },
      "/home/joe/MEGA/web-dev/theodinproject/odin_on_rails/private-events/app/controllers/invitations_controller.rb": {
        "lines": [
          1,
          null,
          1,
          1,
          null,
          1,
          0,
          null,
          null,
          1,
          2,
          2,
          2,
          2,
          1,
          1,
          1,
          null,
          null,
          null,
          null,
          1,
          1,
          null,
          1,
          1,
          2,
          null,
          null,
          null,
          1,
          1,
          1,
          1,
          1,
          1,
          1,
          1,
          2,
          null,
          null,
          null,
          1,
          1,
          1,
          1,
          1,
          1,
          1,
          null,
          null,
          null,
          1,
          1,
          2,
          null,
          null
        ]
      }
    },
    "timestamp": 1629404534
  }
}
