{
  "RSpec": {
    "coverage": {
      "/home/joe/Nextcloud/Documents/webdev/theodinproject/odin_on_rails/private-events/spec/requests/sessions_spec.rb": {
        "lines": [
          1,
          null,
          null,
          null,
          null,
          null,
          null,
          1,
          1,
          1,
          1,
          1,
          null,
          null,
          null,
          1,
          1,
          1,
          1,
          1,
          null,
          null,
          1,
          1,
          1,
          1,
          1,
          1,
          null,
          null,
          1,
          1,
          1,
          1,
          1,
          null,
          null,
          1,
          1,
          1,
          1,
          1,
          null,
          null,
          1,
          1,
          1,
          1,
          null,
          null,
          null,
          null,
          1,
          1,
          1,
          1,
          1,
          1,
          1,
          null,
          null,
          null,
          1,
          1,
          1,
          1,
          1,
          1,
          null,
          null,
          1,
          1,
          1,
          1,
          1,
          null,
          null,
          1,
          1,
          1,
          1,
          1,
          1,
          1,
          1,
          null,
          null,
          null
        ]
      },
      "/home/joe/Nextcloud/Documents/webdev/theodinproject/odin_on_rails/private-events/spec/rails_helper.rb": {
        "lines": [
          null,
          1,
          null,
          1,
          1,
          null,
          1,
          1,
          null,
          null,
          null,
          null,
          null,
          null,
          null,
          null,
          null,
          null,
          null,
          null,
          null,
          null,
          null,
          null,
          null,
          null,
          null,
          null,
          1,
          null,
          0,
          0,
          null,
          1,
          null,
          null,
          1,
          null,
          null,
          null,
          null,
          null,
          1,
          null,
          null,
          null,
          null,
          null,
          null,
          null,
          null,
          null,
          null,
          null,
          null,
          null,
          null,
          null,
          null,
          null,
          1,
          null,
          null,
          1,
          null,
          null,
          null,
          1,
          1,
          1,
          1,
          null,
          null,
          null
        ]
      },
      "/home/joe/Nextcloud/Documents/webdev/theodinproject/odin_on_rails/private-events/config/environment.rb": {
        "lines": [
          null,
          1,
          null,
          null,
          1
        ]
      },
      "/home/joe/Nextcloud/Documents/webdev/theodinproject/odin_on_rails/private-events/config/application.rb": {
        "lines": [
          1,
          null,
          1,
          null,
          null,
          null,
          1,
          null,
          1,
          1,
          null,
          1,
          null,
          null,
          null,
          null,
          null,
          null,
          null,
          null,
          null,
          null,
          null,
          null
        ]
      },
      "/home/joe/Nextcloud/Documents/webdev/theodinproject/odin_on_rails/private-events/config/boot.rb": {
        "lines": [
          1,
          null,
          1,
          1
        ]
      },
      "/home/joe/Nextcloud/Documents/webdev/theodinproject/odin_on_rails/private-events/config/environments/test.rb": {
        "lines": [
          1,
          null,
          null,
          null,
          null,
          null,
          null,
          1,
          null,
          null,
          null,
          1,
          1,
          null,
          null,
          null,
          null,
          1,
          null,
          null,
          1,
          1,
          null,
          null,
          null,
          null,
          1,
          1,
          1,
          null,
          null,
          1,
          null,
          null,
          1,
          null,
          null,
          1,
          null,
          1,
          null,
          null,
          null,
          null,
          1,
          null,
          null,
          1,
          null,
          null,
          1,
          null,
          null,
          1,
          null,
          null,
          null,
          null,
          null,
          null,
          null
        ]
      },
      "/home/joe/Nextcloud/Documents/webdev/theodinproject/odin_on_rails/private-events/config/initializers/application_controller_renderer.rb": {
        "lines": [
          null,
          null,
          null,
          null,
          null,
          null,
          null,
          null
        ]
      },
      "/home/joe/Nextcloud/Documents/webdev/theodinproject/odin_on_rails/private-events/config/initializers/assets.rb": {
        "lines": [
          null,
          null,
          null,
          1,
          null,
          null,
          null,
          null,
          1,
          null,
          null,
          null,
          null,
          null
        ]
      },
      "/home/joe/Nextcloud/Documents/webdev/theodinproject/odin_on_rails/private-events/config/initializers/backtrace_silencers.rb": {
        "lines": [
          null,
          null,
          null,
          null,
          null,
          null,
          null,
          1
        ]
      },
      "/home/joe/Nextcloud/Documents/webdev/theodinproject/odin_on_rails/private-events/config/initializers/content_security_policy.rb": {
        "lines": [
          null,
          null,
          null,
          null,
          null,
          null,
          null,
          null,
          null,
          null,
          null,
          null,
          null,
          null,
          null,
          null,
          null,
          null,
          null,
          null,
          null,
          null,
          null,
          null,
          null,
          null,
          null,
          null,
          null,
          null
        ]
      },
      "/home/joe/Nextcloud/Documents/webdev/theodinproject/odin_on_rails/private-events/config/initializers/cookies_serializer.rb": {
        "lines": [
          null,
          null,
          null,
          null,
          1
        ]
      },
      "/home/joe/Nextcloud/Documents/webdev/theodinproject/odin_on_rails/private-events/config/initializers/filter_parameter_logging.rb": {
        "lines": [
          null,
          null,
          null,
          1,
          null,
          null
        ]
      },
      "/home/joe/Nextcloud/Documents/webdev/theodinproject/odin_on_rails/private-events/config/initializers/inflections.rb": {
        "lines": [
          null,
          null,
          null,
          null,
          null,
          null,
          null,
          null,
          null,
          null,
          null,
          null,
          null,
          null,
          null,
          null
        ]
      },
      "/home/joe/Nextcloud/Documents/webdev/theodinproject/odin_on_rails/private-events/config/initializers/mime_types.rb": {
        "lines": [
          null,
          null,
          null,
          null
        ]
      },
      "/home/joe/Nextcloud/Documents/webdev/theodinproject/odin_on_rails/private-events/config/initializers/permissions_policy.rb": {
        "lines": [
          null,
          null,
          null,
          null,
          null,
          null,
          null,
          null,
          null,
          null,
          null
        ]
      },
      "/home/joe/Nextcloud/Documents/webdev/theodinproject/odin_on_rails/private-events/config/initializers/wrap_parameters.rb": {
        "lines": [
          null,
          null,
          null,
          null,
          null,
          null,
          1,
          2,
          null,
          null,
          null,
          null,
          null,
          null
        ]
      },
      "/home/joe/Nextcloud/Documents/webdev/theodinproject/odin_on_rails/private-events/spec/factories/events.rb": {
        "lines": [
          1,
          1,
          1,
          1,
          1,
          1,
          1,
          null,
          null,
          null
        ]
      },
      "/home/joe/Nextcloud/Documents/webdev/theodinproject/odin_on_rails/private-events/spec/factories/factories.rb": {
        "lines": [

        ]
      },
      "/home/joe/Nextcloud/Documents/webdev/theodinproject/odin_on_rails/private-events/spec/factories/invitations.rb": {
        "lines": [
          1,
          1,
          1,
          1,
          1,
          null,
          null
        ]
      },
      "/home/joe/Nextcloud/Documents/webdev/theodinproject/odin_on_rails/private-events/spec/factories/users.rb": {
        "lines": [
          1,
          1,
          9,
          9,
          8,
          null,
          null
        ]
      },
      "/home/joe/Nextcloud/Documents/webdev/theodinproject/odin_on_rails/private-events/config/routes.rb": {
        "lines": [
          1,
          1,
          1,
          1,
          1,
          1,
          1,
          1,
          null,
          1,
          null,
          null
        ]
      },
      "/home/joe/Nextcloud/Documents/webdev/theodinproject/odin_on_rails/private-events/app/helpers/application_helper.rb": {
        "lines": [
          1,
          null
        ]
      },
      "/home/joe/Nextcloud/Documents/webdev/theodinproject/odin_on_rails/private-events/app/helpers/events_helper.rb": {
        "lines": [
          1,
          1,
          1,
          0,
          null,
          null,
          1,
          0,
          null,
          null,
          1,
          0,
          null,
          null,
          1,
          0,
          null,
          null
        ]
      },
      "/home/joe/Nextcloud/Documents/webdev/theodinproject/odin_on_rails/private-events/app/helpers/invitations_helper.rb": {
        "lines": [
          1,
          null
        ]
      },
      "/home/joe/Nextcloud/Documents/webdev/theodinproject/odin_on_rails/private-events/app/helpers/sessions_helper.rb": {
        "lines": [
          1,
          null
        ]
      },
      "/home/joe/Nextcloud/Documents/webdev/theodinproject/odin_on_rails/private-events/app/helpers/users_helper.rb": {
        "lines": [
          1,
          1,
          1,
          0,
          null,
          null,
          1,
          0,
          null,
          null,
          1,
          0,
          null,
          null,
          1,
          0,
          null,
          null
        ]
      },
      "/home/joe/Nextcloud/Documents/webdev/theodinproject/odin_on_rails/private-events/app/controllers/sessions_controller.rb": {
        "lines": [
          1,
          null,
          1,
          null,
          2,
          1,
          null,
          null,
          null,
          1,
          9,
          9,
          5,
          5,
          5,
          null,
          4,
          4,
          null,
          null,
          null,
          1,
          3,
          3,
          null,
          null,
          3,
          null,
          null,
          null
        ]
      },
      "/home/joe/Nextcloud/Documents/webdev/theodinproject/odin_on_rails/private-events/app/controllers/application_controller.rb": {
        "lines": [
          1,
          null,
          1,
          1,
          8,
          null,
          null,
          1,
          0,
          0,
          0,
          null,
          null,
          null,
          1,
          0,
          0,
          null,
          null,
          null,
          1,
          5,
          0,
          null,
          5,
          null,
          null,
          null,
          null,
          1,
          null
        ]
      },
      "/home/joe/Nextcloud/Documents/webdev/theodinproject/odin_on_rails/private-events/app/models/user.rb": {
        "lines": [
          1,
          1,
          null,
          null,
          1,
          null,
          null,
          1,
          null,
          null,
          1,
          null,
          null,
          null,
          null,
          1,
          1,
          1,
          1,
          null,
          null,
          1,
          null,
          9,
          null,
          1,
          8,
          8,
          null,
          null,
          null
        ]
      },
      "/home/joe/Nextcloud/Documents/webdev/theodinproject/odin_on_rails/private-events/app/models/application_record.rb": {
        "lines": [
          1,
          1,
          null
        ]
      }
    },
    "timestamp": 1619330075
  }
}
